Info: Starting: Create block symbol file (.bsf)
Info: qsys-generate /home/dennis/Escritorio/ProyectoEmpotrados/embedded_systems/project_2/Audio_soc/audio_soc.qsys --block-symbol-file --output-directory=/home/dennis/Escritorio/ProyectoEmpotrados/embedded_systems/project_2/Audio_soc/audio_soc --family="Cyclone V" --part=5CSEMA5F31C6
Progress: Loading Audio_soc/audio_soc.qsys
Progress: Reading input file
Progress: Adding AUDIO [altera_up_avalon_audio 18.0]
Progress: Parameterizing module AUDIO
Progress: Adding AUDIO_CONFIG [altera_up_avalon_audio_and_video_config 18.0]
Progress: Parameterizing module AUDIO_CONFIG
Progress: Adding AUDIO_PLL [altera_up_avalon_audio_pll 18.0]
Progress: Parameterizing module AUDIO_PLL
Progress: Adding BUTTONS [altera_avalon_pio 18.1]
Progress: Parameterizing module BUTTONS
Progress: Adding JTAG_UART [altera_avalon_jtag_uart 18.1]
Progress: Parameterizing module JTAG_UART
Progress: Adding NIOSII [altera_nios2_gen2 18.1]
Progress: Parameterizing module NIOSII
Progress: Adding RAM [altera_avalon_onchip_memory2 18.1]
Progress: Parameterizing module RAM
Progress: Adding SEVEN_SEGMENTS [altera_avalon_pio 18.1]
Progress: Parameterizing module SEVEN_SEGMENTS
Progress: Adding SHARED_MEMORY [altera_avalon_onchip_memory2 18.1]
Progress: Parameterizing module SHARED_MEMORY
Progress: Adding TIMER [altera_avalon_timer 18.1]
Progress: Parameterizing module TIMER
Progress: Adding clk_0 [clock_source 18.1]
Progress: Parameterizing module clk_0
Progress: Adding hps_0 [altera_hps 18.1]
Progress: Parameterizing module hps_0
Progress: Adding sys_sdram_pll_0 [altera_up_avalon_sys_sdram_pll 18.0]
Progress: Parameterizing module sys_sdram_pll_0
Progress: Building connections
Progress: Parameterizing connections
Progress: Validating
Progress: Done reading input file
Info: audio_soc.BUTTONS: PIO inputs are not hardwired in test bench. Undefined values will be read from PIO inputs during simulation.
Info: audio_soc.JTAG_UART: JTAG UART IP input clock need to be at least double (2x) the operating frequency of JTAG TCK on board
Info: audio_soc.hps_0: HPS Main PLL counter settings: n = 0  m = 73
Info: audio_soc.hps_0: HPS peripherial PLL counter settings: n = 0  m = 39
Warning: audio_soc.hps_0: "Configuration/HPS-to-FPGA user 0 clock frequency" (desired_cfg_clk_mhz) requested 100.0 MHz, but only achieved 97.368421 MHz
Warning: audio_soc.hps_0: 1 or more output clock frequencies cannot be achieved precisely, consider revising desired output clock frequencies.
Warning: audio_soc.hps_0: ODT is disabled. Enabling ODT (Mode Register 1) may improve signal integrity
Warning: audio_soc.hps_0: set_interface_assignment: Interface "hps_io" does not exist
Info: audio_soc.sys_sdram_pll_0: Refclk Freq: 50.0
Warning: audio_soc.hps_0: hps_0.h2f_mpu_events must be exported, or connected to a matching conduit.
Info: qsys-generate succeeded.
Info: Finished: Create block symbol file (.bsf)
Info: 
Info: Starting: Create HDL design files for synthesis
Info: qsys-generate /home/dennis/Escritorio/ProyectoEmpotrados/embedded_systems/project_2/Audio_soc/audio_soc.qsys --synthesis=VERILOG --output-directory=/home/dennis/Escritorio/ProyectoEmpotrados/embedded_systems/project_2/Audio_soc/audio_soc/synthesis --family="Cyclone V" --part=5CSEMA5F31C6
Progress: Loading Audio_soc/audio_soc.qsys
Progress: Reading input file
Progress: Adding AUDIO [altera_up_avalon_audio 18.0]
Progress: Parameterizing module AUDIO
Progress: Adding AUDIO_CONFIG [altera_up_avalon_audio_and_video_config 18.0]
Progress: Parameterizing module AUDIO_CONFIG
Progress: Adding AUDIO_PLL [altera_up_avalon_audio_pll 18.0]
Progress: Parameterizing module AUDIO_PLL
Progress: Adding BUTTONS [altera_avalon_pio 18.1]
Progress: Parameterizing module BUTTONS
Progress: Adding JTAG_UART [altera_avalon_jtag_uart 18.1]
Progress: Parameterizing module JTAG_UART
Progress: Adding NIOSII [altera_nios2_gen2 18.1]
Progress: Parameterizing module NIOSII
Progress: Adding RAM [altera_avalon_onchip_memory2 18.1]
Progress: Parameterizing module RAM
Progress: Adding SEVEN_SEGMENTS [altera_avalon_pio 18.1]
Progress: Parameterizing module SEVEN_SEGMENTS
Progress: Adding SHARED_MEMORY [altera_avalon_onchip_memory2 18.1]
Progress: Parameterizing module SHARED_MEMORY
Progress: Adding TIMER [altera_avalon_timer 18.1]
Progress: Parameterizing module TIMER
Progress: Adding clk_0 [clock_source 18.1]
Progress: Parameterizing module clk_0
Progress: Adding hps_0 [altera_hps 18.1]
Progress: Parameterizing module hps_0
Progress: Adding sys_sdram_pll_0 [altera_up_avalon_sys_sdram_pll 18.0]
Progress: Parameterizing module sys_sdram_pll_0
Progress: Building connections
Progress: Parameterizing connections
Progress: Validating
Progress: Done reading input file
Info: audio_soc.BUTTONS: PIO inputs are not hardwired in test bench. Undefined values will be read from PIO inputs during simulation.
Info: audio_soc.JTAG_UART: JTAG UART IP input clock need to be at least double (2x) the operating frequency of JTAG TCK on board
Info: audio_soc.hps_0: HPS Main PLL counter settings: n = 0  m = 73
Info: audio_soc.hps_0: HPS peripherial PLL counter settings: n = 0  m = 39
Warning: audio_soc.hps_0: "Configuration/HPS-to-FPGA user 0 clock frequency" (desired_cfg_clk_mhz) requested 100.0 MHz, but only achieved 97.368421 MHz
Warning: audio_soc.hps_0: 1 or more output clock frequencies cannot be achieved precisely, consider revising desired output clock frequencies.
Warning: audio_soc.hps_0: ODT is disabled. Enabling ODT (Mode Register 1) may improve signal integrity
Warning: audio_soc.hps_0: set_interface_assignment: Interface "hps_io" does not exist
Info: audio_soc.sys_sdram_pll_0: Refclk Freq: 50.0
Warning: audio_soc.hps_0: hps_0.h2f_mpu_events must be exported, or connected to a matching conduit.
Info: audio_soc: Generating audio_soc "audio_soc" for QUARTUS_SYNTH
Info: AUDIO: Starting Generation of Audio Controller
Info: AUDIO: "audio_soc" instantiated altera_up_avalon_audio "AUDIO"
Info: AUDIO_CONFIG: Starting Generation of Audio and Video Config
Info: AUDIO_CONFIG: "audio_soc" instantiated altera_up_avalon_audio_and_video_config "AUDIO_CONFIG"
Info: AUDIO_PLL: "audio_soc" instantiated altera_up_avalon_audio_pll "AUDIO_PLL"
Info: BUTTONS: Starting RTL generation for module 'audio_soc_BUTTONS'
Info: BUTTONS:   Generation command is [exec /home/dennis/intelFPGA_lite/18.1/quartus/linux64/perl/bin/perl -I /home/dennis/intelFPGA_lite/18.1/quartus/linux64/perl/lib -I /home/dennis/intelFPGA_lite/18.1/quartus/sopc_builder/bin/europa -I /home/dennis/intelFPGA_lite/18.1/quartus/sopc_builder/bin/perl_lib -I /home/dennis/intelFPGA_lite/18.1/quartus/sopc_builder/bin -I /home/dennis/intelFPGA_lite/18.1/quartus/../ip/altera/sopc_builder_ip/common -I /home/dennis/intelFPGA_lite/18.1/quartus/../ip/altera/sopc_builder_ip/altera_avalon_pio -- /home/dennis/intelFPGA_lite/18.1/quartus/../ip/altera/sopc_builder_ip/altera_avalon_pio/generate_rtl.pl --name=audio_soc_BUTTONS --dir=/tmp/alt0419_6342506145382102882.dir/0004_BUTTONS_gen/ --quartus_dir=/home/dennis/intelFPGA_lite/18.1/quartus --verilog --config=/tmp/alt0419_6342506145382102882.dir/0004_BUTTONS_gen//audio_soc_BUTTONS_component_configuration.pl  --do_build_sim=0  ]
Info: BUTTONS: Done RTL generation for module 'audio_soc_BUTTONS'
Info: BUTTONS: "audio_soc" instantiated altera_avalon_pio "BUTTONS"
Info: JTAG_UART: Starting RTL generation for module 'audio_soc_JTAG_UART'
Info: JTAG_UART:   Generation command is [exec /home/dennis/intelFPGA_lite/18.1/quartus/linux64/perl/bin/perl -I /home/dennis/intelFPGA_lite/18.1/quartus/linux64/perl/lib -I /home/dennis/intelFPGA_lite/18.1/quartus/sopc_builder/bin/europa -I /home/dennis/intelFPGA_lite/18.1/quartus/sopc_builder/bin/perl_lib -I /home/dennis/intelFPGA_lite/18.1/quartus/sopc_builder/bin -I /home/dennis/intelFPGA_lite/18.1/quartus/../ip/altera/sopc_builder_ip/common -I /home/dennis/intelFPGA_lite/18.1/quartus/../ip/altera/sopc_builder_ip/altera_avalon_jtag_uart -- /home/dennis/intelFPGA_lite/18.1/quartus/../ip/altera/sopc_builder_ip/altera_avalon_jtag_uart/generate_rtl.pl --name=audio_soc_JTAG_UART --dir=/tmp/alt0419_6342506145382102882.dir/0005_JTAG_UART_gen/ --quartus_dir=/home/dennis/intelFPGA_lite/18.1/quartus --verilog --config=/tmp/alt0419_6342506145382102882.dir/0005_JTAG_UART_gen//audio_soc_JTAG_UART_component_configuration.pl  --do_build_sim=0  ]
Info: JTAG_UART: Done RTL generation for module 'audio_soc_JTAG_UART'
Info: JTAG_UART: "audio_soc" instantiated altera_avalon_jtag_uart "JTAG_UART"
Info: NIOSII: "audio_soc" instantiated altera_nios2_gen2 "NIOSII"
Info: RAM: Starting RTL generation for module 'audio_soc_RAM'
Info: RAM:   Generation command is [exec /home/dennis/intelFPGA_lite/18.1/quartus/linux64/perl/bin/perl -I /home/dennis/intelFPGA_lite/18.1/quartus/linux64/perl/lib -I /home/dennis/intelFPGA_lite/18.1/quartus/sopc_builder/bin/europa -I /home/dennis/intelFPGA_lite/18.1/quartus/sopc_builder/bin/perl_lib -I /home/dennis/intelFPGA_lite/18.1/quartus/sopc_builder/bin -I /home/dennis/intelFPGA_lite/18.1/quartus/../ip/altera/sopc_builder_ip/common -I /home/dennis/intelFPGA_lite/18.1/quartus/../ip/altera/sopc_builder_ip/altera_avalon_onchip_memory2 -- /home/dennis/intelFPGA_lite/18.1/quartus/../ip/altera/sopc_builder_ip/altera_avalon_onchip_memory2/generate_rtl.pl --name=audio_soc_RAM --dir=/tmp/alt0419_6342506145382102882.dir/0006_RAM_gen/ --quartus_dir=/home/dennis/intelFPGA_lite/18.1/quartus --verilog --config=/tmp/alt0419_6342506145382102882.dir/0006_RAM_gen//audio_soc_RAM_component_configuration.pl  --do_build_sim=0  ]
Info: RAM: Done RTL generation for module 'audio_soc_RAM'
Info: RAM: "audio_soc" instantiated altera_avalon_onchip_memory2 "RAM"
Info: SEVEN_SEGMENTS: Starting RTL generation for module 'audio_soc_SEVEN_SEGMENTS'
Info: SEVEN_SEGMENTS:   Generation command is [exec /home/dennis/intelFPGA_lite/18.1/quartus/linux64/perl/bin/perl -I /home/dennis/intelFPGA_lite/18.1/quartus/linux64/perl/lib -I /home/dennis/intelFPGA_lite/18.1/quartus/sopc_builder/bin/europa -I /home/dennis/intelFPGA_lite/18.1/quartus/sopc_builder/bin/perl_lib -I /home/dennis/intelFPGA_lite/18.1/quartus/sopc_builder/bin -I /home/dennis/intelFPGA_lite/18.1/quartus/../ip/altera/sopc_builder_ip/common -I /home/dennis/intelFPGA_lite/18.1/quartus/../ip/altera/sopc_builder_ip/altera_avalon_pio -- /home/dennis/intelFPGA_lite/18.1/quartus/../ip/altera/sopc_builder_ip/altera_avalon_pio/generate_rtl.pl --name=audio_soc_SEVEN_SEGMENTS --dir=/tmp/alt0419_6342506145382102882.dir/0007_SEVEN_SEGMENTS_gen/ --quartus_dir=/home/dennis/intelFPGA_lite/18.1/quartus --verilog --config=/tmp/alt0419_6342506145382102882.dir/0007_SEVEN_SEGMENTS_gen//audio_soc_SEVEN_SEGMENTS_component_configuration.pl  --do_build_sim=0  ]
Info: SEVEN_SEGMENTS: Done RTL generation for module 'audio_soc_SEVEN_SEGMENTS'
Info: SEVEN_SEGMENTS: "audio_soc" instantiated altera_avalon_pio "SEVEN_SEGMENTS"
Info: SHARED_MEMORY: Starting RTL generation for module 'audio_soc_SHARED_MEMORY'
Info: SHARED_MEMORY:   Generation command is [exec /home/dennis/intelFPGA_lite/18.1/quartus/linux64/perl/bin/perl -I /home/dennis/intelFPGA_lite/18.1/quartus/linux64/perl/lib -I /home/dennis/intelFPGA_lite/18.1/quartus/sopc_builder/bin/europa -I /home/dennis/intelFPGA_lite/18.1/quartus/sopc_builder/bin/perl_lib -I /home/dennis/intelFPGA_lite/18.1/quartus/sopc_builder/bin -I /home/dennis/intelFPGA_lite/18.1/quartus/../ip/altera/sopc_builder_ip/common -I /home/dennis/intelFPGA_lite/18.1/quartus/../ip/altera/sopc_builder_ip/altera_avalon_onchip_memory2 -- /home/dennis/intelFPGA_lite/18.1/quartus/../ip/altera/sopc_builder_ip/altera_avalon_onchip_memory2/generate_rtl.pl --name=audio_soc_SHARED_MEMORY --dir=/tmp/alt0419_6342506145382102882.dir/0008_SHARED_MEMORY_gen/ --quartus_dir=/home/dennis/intelFPGA_lite/18.1/quartus --verilog --config=/tmp/alt0419_6342506145382102882.dir/0008_SHARED_MEMORY_gen//audio_soc_SHARED_MEMORY_component_configuration.pl  --do_build_sim=0  ]
Info: SHARED_MEMORY: Done RTL generation for module 'audio_soc_SHARED_MEMORY'
Info: SHARED_MEMORY: "audio_soc" instantiated altera_avalon_onchip_memory2 "SHARED_MEMORY"
Info: TIMER: Starting RTL generation for module 'audio_soc_TIMER'
Info: TIMER:   Generation command is [exec /home/dennis/intelFPGA_lite/18.1/quartus/linux64//perl/bin/perl -I /home/dennis/intelFPGA_lite/18.1/quartus/linux64//perl/lib -I /home/dennis/intelFPGA_lite/18.1/quartus/sopc_builder/bin/europa -I /home/dennis/intelFPGA_lite/18.1/quartus/sopc_builder/bin/perl_lib -I /home/dennis/intelFPGA_lite/18.1/quartus/sopc_builder/bin -I /home/dennis/intelFPGA_lite/18.1/quartus/../ip/altera/sopc_builder_ip/common -I /home/dennis/intelFPGA_lite/18.1/quartus/../ip/altera/sopc_builder_ip/altera_avalon_timer -- /home/dennis/intelFPGA_lite/18.1/quartus/../ip/altera/sopc_builder_ip/altera_avalon_timer/generate_rtl.pl --name=audio_soc_TIMER --dir=/tmp/alt0419_6342506145382102882.dir/0009_TIMER_gen/ --quartus_dir=/home/dennis/intelFPGA_lite/18.1/quartus --verilog --config=/tmp/alt0419_6342506145382102882.dir/0009_TIMER_gen//audio_soc_TIMER_component_configuration.pl  --do_build_sim=0  ]
Info: TIMER: Done RTL generation for module 'audio_soc_TIMER'
Info: TIMER: "audio_soc" instantiated altera_avalon_timer "TIMER"
Info: hps_0: "Running  for module: hps_0"
Info: hps_0: HPS Main PLL counter settings: n = 0  m = 73
Info: hps_0: HPS peripherial PLL counter settings: n = 0  m = 39
Warning: hps_0: "Configuration/HPS-to-FPGA user 0 clock frequency" (desired_cfg_clk_mhz) requested 100.0 MHz, but only achieved 97.368421 MHz
Warning: hps_0: 1 or more output clock frequencies cannot be achieved precisely, consider revising desired output clock frequencies.
Warning: hps_0: ODT is disabled. Enabling ODT (Mode Register 1) may improve signal integrity
Warning: hps_0: set_interface_assignment: Interface "hps_io" does not exist
Info: hps_0: "audio_soc" instantiated altera_hps "hps_0"
Info: sys_sdram_pll_0: "audio_soc" instantiated altera_up_avalon_sys_sdram_pll "sys_sdram_pll_0"
Info: avalon_st_adapter: Inserting error_adapter: error_adapter_0
Info: avalon_st_adapter_001: Inserting error_adapter: error_adapter_0
Info: avalon_st_adapter_002: Inserting error_adapter: error_adapter_0
Info: avalon_st_adapter_003: Inserting error_adapter: error_adapter_0
Info: avalon_st_adapter_004: Inserting error_adapter: error_adapter_0
Info: avalon_st_adapter_005: Inserting error_adapter: error_adapter_0
Info: avalon_st_adapter_006: Inserting error_adapter: error_adapter_0
Info: avalon_st_adapter_007: Inserting error_adapter: error_adapter_0
Info: avalon_st_adapter_008: Inserting error_adapter: error_adapter_0
Info: mm_interconnect_0: "audio_soc" instantiated altera_mm_interconnect "mm_interconnect_0"
Info: avalon_st_adapter: Inserting error_adapter: error_adapter_0
Info: mm_interconnect_1: "audio_soc" instantiated altera_mm_interconnect "mm_interconnect_1"
Info: irq_mapper: "audio_soc" instantiated altera_irq_mapper "irq_mapper"
Info: rst_controller: "audio_soc" instantiated altera_reset_controller "rst_controller"
Info: audio_pll: "AUDIO_PLL" instantiated altera_pll "audio_pll"
Info: reset_from_locked: "AUDIO_PLL" instantiated altera_up_avalon_reset_from_locked_signal "reset_from_locked"
Info: cpu: Starting RTL generation for module 'audio_soc_NIOSII_cpu'
Info: cpu:   Generation command is [exec /home/dennis/intelFPGA_lite/18.1/quartus/linux64//eperlcmd -I /home/dennis/intelFPGA_lite/18.1/quartus/linux64//perl/lib -I /home/dennis/intelFPGA_lite/18.1/quartus/sopc_builder/bin/europa -I /home/dennis/intelFPGA_lite/18.1/quartus/sopc_builder/bin/perl_lib -I /home/dennis/intelFPGA_lite/18.1/quartus/sopc_builder/bin -I /home/dennis/intelFPGA_lite/18.1/quartus/../ip/altera/nios2_ip/altera_nios2_gen2/cpu_lib -I /home/dennis/intelFPGA_lite/18.1/quartus/../ip/altera/nios2_ip/altera_nios2_gen2/nios_lib -I /home/dennis/intelFPGA_lite/18.1/quartus/../ip/altera/nios2_ip/altera_nios2_gen2 -I /home/dennis/intelFPGA_lite/18.1/quartus/../ip/altera/nios2_ip/altera_nios2_gen2 -- /home/dennis/intelFPGA_lite/18.1/quartus/../ip/altera/nios2_ip/altera_nios2_gen2/generate_rtl.epl --name=audio_soc_NIOSII_cpu --dir=/tmp/alt0419_6342506145382102882.dir/0014_cpu_gen/ --quartus_bindir=/home/dennis/intelFPGA_lite/18.1/quartus/linux64/ --verilog --config=/tmp/alt0419_6342506145382102882.dir/0014_cpu_gen//audio_soc_NIOSII_cpu_processor_configuration.pl  --do_build_sim=0  ]
Info: cpu: # 2025.11.27 13:59:22 (*) Starting Nios II generation
Info: cpu: # 2025.11.27 13:59:22 (*)   Checking for plaintext license.
Info: cpu: # 2025.11.27 13:59:22 (*)   Couldn't query license setup in Quartus directory /home/dennis/intelFPGA_lite/18.1/quartus/linux64/
Info: cpu: # 2025.11.27 13:59:22 (*)   Defaulting to contents of LM_LICENSE_FILE environment variable
Info: cpu: # 2025.11.27 13:59:22 (*)   LM_LICENSE_FILE environment variable is empty
Info: cpu: # 2025.11.27 13:59:22 (*)   Plaintext license not found.
Info: cpu: # 2025.11.27 13:59:22 (*)   No license required to generate encrypted Nios II/e.
Info: cpu: # 2025.11.27 13:59:22 (*)   Elaborating CPU configuration settings
Info: cpu: # 2025.11.27 13:59:22 (*)   Creating all objects for CPU
Info: cpu: # 2025.11.27 13:59:23 (*)   Generating RTL from CPU objects
Info: cpu: # 2025.11.27 13:59:23 (*)   Creating plain-text RTL
Info: cpu: # 2025.11.27 13:59:23 (*) Done Nios II generation
Info: cpu: Done RTL generation for module 'audio_soc_NIOSII_cpu'
Info: cpu: "NIOSII" instantiated altera_nios2_gen2_unit "cpu"
Info: fpga_interfaces: "hps_0" instantiated altera_interface_generator "fpga_interfaces"
Info: hps_io: "hps_0" instantiated altera_hps_io "hps_io"
Info: sys_pll: "sys_sdram_pll_0" instantiated altera_pll "sys_pll"
Info: NIOSII_data_master_translator: "mm_interconnect_0" instantiated altera_merlin_master_translator "NIOSII_data_master_translator"
Info: AUDIO_avalon_audio_slave_translator: "mm_interconnect_0" instantiated altera_merlin_slave_translator "AUDIO_avalon_audio_slave_translator"
Info: NIOSII_data_master_agent: "mm_interconnect_0" instantiated altera_merlin_master_agent "NIOSII_data_master_agent"
Info: AUDIO_avalon_audio_slave_agent: "mm_interconnect_0" instantiated altera_merlin_slave_agent "AUDIO_avalon_audio_slave_agent"
Info: AUDIO_avalon_audio_slave_agent_rsp_fifo: "mm_interconnect_0" instantiated altera_avalon_sc_fifo "AUDIO_avalon_audio_slave_agent_rsp_fifo"
Info: router: "mm_interconnect_0" instantiated altera_merlin_router "router"
Info: router_001: "mm_interconnect_0" instantiated altera_merlin_router "router_001"
Info: router_002: "mm_interconnect_0" instantiated altera_merlin_router "router_002"
Info: router_005: "mm_interconnect_0" instantiated altera_merlin_router "router_005"
Info: cmd_demux: "mm_interconnect_0" instantiated altera_merlin_demultiplexer "cmd_demux"
Info: cmd_demux_001: "mm_interconnect_0" instantiated altera_merlin_demultiplexer "cmd_demux_001"
Info: cmd_mux: "mm_interconnect_0" instantiated altera_merlin_multiplexer "cmd_mux"
Info: cmd_mux_003: "mm_interconnect_0" instantiated altera_merlin_multiplexer "cmd_mux_003"
Info: Reusing file /home/dennis/Escritorio/ProyectoEmpotrados/embedded_systems/project_2/Audio_soc/audio_soc/synthesis/submodules/altera_merlin_arbitrator.sv
Info: rsp_demux: "mm_interconnect_0" instantiated altera_merlin_demultiplexer "rsp_demux"
Info: rsp_mux: "mm_interconnect_0" instantiated altera_merlin_multiplexer "rsp_mux"
Info: Reusing file /home/dennis/Escritorio/ProyectoEmpotrados/embedded_systems/project_2/Audio_soc/audio_soc/synthesis/submodules/altera_merlin_arbitrator.sv
Info: rsp_mux_001: "mm_interconnect_0" instantiated altera_merlin_multiplexer "rsp_mux_001"
Info: Reusing file /home/dennis/Escritorio/ProyectoEmpotrados/embedded_systems/project_2/Audio_soc/audio_soc/synthesis/submodules/altera_merlin_arbitrator.sv
Info: avalon_st_adapter: "mm_interconnect_0" instantiated altera_avalon_st_adapter "avalon_st_adapter"
Info: hps_0_h2f_axi_master_agent: "mm_interconnect_1" instantiated altera_merlin_axi_master_ni "hps_0_h2f_axi_master_agent"
Info: router: "mm_interconnect_1" instantiated altera_merlin_router "router"
Info: router_002: "mm_interconnect_1" instantiated altera_merlin_router "router_002"
Info: router_004: "mm_interconnect_1" instantiated altera_merlin_router "router_004"
Info: SHARED_MEMORY_s1_burst_adapter: "mm_interconnect_1" instantiated altera_merlin_burst_adapter "SHARED_MEMORY_s1_burst_adapter"
Info: Reusing file /home/dennis/Escritorio/ProyectoEmpotrados/embedded_systems/project_2/Audio_soc/audio_soc/synthesis/submodules/altera_merlin_address_alignment.sv
Info: cmd_demux: "mm_interconnect_1" instantiated altera_merlin_demultiplexer "cmd_demux"
Info: cmd_mux: "mm_interconnect_1" instantiated altera_merlin_multiplexer "cmd_mux"
Info: Reusing file /home/dennis/Escritorio/ProyectoEmpotrados/embedded_systems/project_2/Audio_soc/audio_soc/synthesis/submodules/altera_merlin_arbitrator.sv
Info: rsp_demux: "mm_interconnect_1" instantiated altera_merlin_demultiplexer "rsp_demux"
Info: rsp_mux: "mm_interconnect_1" instantiated altera_merlin_multiplexer "rsp_mux"
Info: Reusing file /home/dennis/Escritorio/ProyectoEmpotrados/embedded_systems/project_2/Audio_soc/audio_soc/synthesis/submodules/altera_merlin_arbitrator.sv
Info: hps_0_h2f_axi_master_wr_rsp_width_adapter: "mm_interconnect_1" instantiated altera_merlin_width_adapter "hps_0_h2f_axi_master_wr_rsp_width_adapter"
Info: Reusing file /home/dennis/Escritorio/ProyectoEmpotrados/embedded_systems/project_2/Audio_soc/audio_soc/synthesis/submodules/altera_merlin_address_alignment.sv
Info: Reusing file /home/dennis/Escritorio/ProyectoEmpotrados/embedded_systems/project_2/Audio_soc/audio_soc/synthesis/submodules/altera_merlin_burst_uncompressor.sv
Info: border: "hps_io" instantiated altera_interface_generator "border"
Info: error_adapter_0: "avalon_st_adapter" instantiated error_adapter "error_adapter_0"
Info: audio_soc: Done "audio_soc" with 52 modules, 139 files
Info: qsys-generate succeeded.
Info: Finished: Create HDL design files for synthesis
